/*C3*/SET SCHEMA PUBLIC
DELETE FROM NONE_TIL_HEAVY_AFTERNOON_PEAK WHERE AL_ID=272
DELETE FROM NONE_TIL_HEAVY_AFTERNOON_PEAK WHERE AL_ID=273
DELETE FROM NONE_TIL_HEAVY_AFTERNOON_PEAK WHERE AL_ID=274
DELETE FROM NONE_TIL_HEAVY_AFTERNOON_PEAK WHERE AL_ID=275
DELETE FROM NONE_TIL_HEAVY_AFTERNOON_PEAK WHERE AL_ID=276
DELETE FROM NONE_TIL_HEAVY_AFTERNOON_PEAK WHERE AL_ID=277
DELETE FROM NONE_TIL_HEAVY_AFTERNOON_PEAK WHERE AL_ID=278
DELETE FROM NONE_TIL_HEAVY_AFTERNOON_PEAK WHERE AL_ID=279
INSERT INTO NONE_TIL_HEAVY_AFTERNOON_PEAK VALUES(280,0.0E0,1.0E0,0.0E0)
INSERT INTO NONE_TIL_HEAVY_AFTERNOON_PEAK VALUES(281,1.0E0,2.0E0,0.0E0)
INSERT INTO NONE_TIL_HEAVY_AFTERNOON_PEAK VALUES(282,2.0E0,3.0E0,0.0E0)
INSERT INTO NONE_TIL_HEAVY_AFTERNOON_PEAK VALUES(283,3.0E0,4.0E0,0.0E0)
INSERT INTO NONE_TIL_HEAVY_AFTERNOON_PEAK VALUES(284,4.0E0,5.0E0,0.0E0)
INSERT INTO NONE_TIL_HEAVY_AFTERNOON_PEAK VALUES(285,5.0E0,6.0E0,750.0E0)
INSERT INTO NONE_TIL_HEAVY_AFTERNOON_PEAK VALUES(286,6.0E0,7.0E0,900.0E0)
INSERT INTO NONE_TIL_HEAVY_AFTERNOON_PEAK VALUES(287,7.0E0,8.0E0,750.0E0)
COMMIT
DELETE FROM PEAK_MORNING WHERE AL_ID=272
DELETE FROM PEAK_MORNING WHERE AL_ID=273
DELETE FROM PEAK_MORNING WHERE AL_ID=274
DELETE FROM PEAK_MORNING WHERE AL_ID=275
DELETE FROM PEAK_MORNING WHERE AL_ID=276
DELETE FROM PEAK_MORNING WHERE AL_ID=277
DELETE FROM PEAK_MORNING WHERE AL_ID=278
DELETE FROM PEAK_MORNING WHERE AL_ID=279
INSERT INTO PEAK_MORNING VALUES(280,0.0E0,1.0E0,200.0E0)
INSERT INTO PEAK_MORNING VALUES(281,1.0E0,2.0E0,750.0E0)
INSERT INTO PEAK_MORNING VALUES(282,2.0E0,3.0E0,200.0E0)
INSERT INTO PEAK_MORNING VALUES(283,3.0E0,4.0E0,50.0E0)
INSERT INTO PEAK_MORNING VALUES(284,4.0E0,5.0E0,50.0E0)
INSERT INTO PEAK_MORNING VALUES(285,5.0E0,6.0E0,50.0E0)
INSERT INTO PEAK_MORNING VALUES(286,6.0E0,7.0E0,50.0E0)
INSERT INTO PEAK_MORNING VALUES(287,7.0E0,8.0E0,50.0E0)
COMMIT
DELETE FROM CONSTANT_MODERATE WHERE AL_ID=272
DELETE FROM CONSTANT_MODERATE WHERE AL_ID=273
DELETE FROM CONSTANT_MODERATE WHERE AL_ID=274
DELETE FROM CONSTANT_MODERATE WHERE AL_ID=275
DELETE FROM CONSTANT_MODERATE WHERE AL_ID=276
DELETE FROM CONSTANT_MODERATE WHERE AL_ID=277
DELETE FROM CONSTANT_MODERATE WHERE AL_ID=278
DELETE FROM CONSTANT_MODERATE WHERE AL_ID=279
INSERT INTO CONSTANT_MODERATE VALUES(280,0.0E0,1.0E0,500.0E0)
INSERT INTO CONSTANT_MODERATE VALUES(281,1.0E0,2.0E0,500.0E0)
INSERT INTO CONSTANT_MODERATE VALUES(282,2.0E0,3.0E0,500.0E0)
INSERT INTO CONSTANT_MODERATE VALUES(283,3.0E0,4.0E0,500.0E0)
INSERT INTO CONSTANT_MODERATE VALUES(284,4.0E0,5.0E0,500.0E0)
INSERT INTO CONSTANT_MODERATE VALUES(285,5.0E0,6.0E0,500.0E0)
INSERT INTO CONSTANT_MODERATE VALUES(286,6.0E0,7.0E0,500.0E0)
INSERT INTO CONSTANT_MODERATE VALUES(287,7.0E0,8.0E0,500.0E0)
COMMIT
DELETE FROM CONSTANT_LIGHT WHERE AL_ID=272
DELETE FROM CONSTANT_LIGHT WHERE AL_ID=273
DELETE FROM CONSTANT_LIGHT WHERE AL_ID=274
DELETE FROM CONSTANT_LIGHT WHERE AL_ID=275
DELETE FROM CONSTANT_LIGHT WHERE AL_ID=276
DELETE FROM CONSTANT_LIGHT WHERE AL_ID=277
DELETE FROM CONSTANT_LIGHT WHERE AL_ID=278
DELETE FROM CONSTANT_LIGHT WHERE AL_ID=279
INSERT INTO CONSTANT_LIGHT VALUES(280,0.0E0,1.0E0,100.0E0)
INSERT INTO CONSTANT_LIGHT VALUES(281,1.0E0,2.0E0,100.0E0)
INSERT INTO CONSTANT_LIGHT VALUES(282,2.0E0,3.0E0,100.0E0)
INSERT INTO CONSTANT_LIGHT VALUES(283,3.0E0,4.0E0,100.0E0)
INSERT INTO CONSTANT_LIGHT VALUES(284,4.0E0,5.0E0,100.0E0)
INSERT INTO CONSTANT_LIGHT VALUES(285,5.0E0,6.0E0,100.0E0)
INSERT INTO CONSTANT_LIGHT VALUES(286,6.0E0,7.0E0,100.0E0)
INSERT INTO CONSTANT_LIGHT VALUES(287,7.0E0,8.0E0,100.0E0)
COMMIT
DELETE FROM MODERATE_TIL_HEAVY_AFTERNOON_P WHERE AL_ID=272
DELETE FROM MODERATE_TIL_HEAVY_AFTERNOON_P WHERE AL_ID=273
DELETE FROM MODERATE_TIL_HEAVY_AFTERNOON_P WHERE AL_ID=274
DELETE FROM MODERATE_TIL_HEAVY_AFTERNOON_P WHERE AL_ID=275
DELETE FROM MODERATE_TIL_HEAVY_AFTERNOON_P WHERE AL_ID=276
DELETE FROM MODERATE_TIL_HEAVY_AFTERNOON_P WHERE AL_ID=277
DELETE FROM MODERATE_TIL_HEAVY_AFTERNOON_P WHERE AL_ID=278
DELETE FROM MODERATE_TIL_HEAVY_AFTERNOON_P WHERE AL_ID=279
INSERT INTO MODERATE_TIL_HEAVY_AFTERNOON_P VALUES(280,0.0E0,1.0E0,600.0E0)
INSERT INTO MODERATE_TIL_HEAVY_AFTERNOON_P VALUES(281,1.0E0,2.0E0,600.0E0)
INSERT INTO MODERATE_TIL_HEAVY_AFTERNOON_P VALUES(282,2.0E0,3.0E0,600.0E0)
INSERT INTO MODERATE_TIL_HEAVY_AFTERNOON_P VALUES(283,3.0E0,4.0E0,600.0E0)
INSERT INTO MODERATE_TIL_HEAVY_AFTERNOON_P VALUES(284,4.0E0,5.0E0,600.0E0)
INSERT INTO MODERATE_TIL_HEAVY_AFTERNOON_P VALUES(285,5.0E0,6.0E0,750.0E0)
INSERT INTO MODERATE_TIL_HEAVY_AFTERNOON_P VALUES(286,6.0E0,7.0E0,900.0E0)
INSERT INTO MODERATE_TIL_HEAVY_AFTERNOON_P VALUES(287,7.0E0,8.0E0,750.0E0)
COMMIT
DELETE FROM PEAK_BOTH_HH1 WHERE AL_ID=544
DELETE FROM PEAK_BOTH_HH1 WHERE AL_ID=545
DELETE FROM PEAK_BOTH_HH1 WHERE AL_ID=546
DELETE FROM PEAK_BOTH_HH1 WHERE AL_ID=547
DELETE FROM PEAK_BOTH_HH1 WHERE AL_ID=548
DELETE FROM PEAK_BOTH_HH1 WHERE AL_ID=549
DELETE FROM PEAK_BOTH_HH1 WHERE AL_ID=550
DELETE FROM PEAK_BOTH_HH1 WHERE AL_ID=551
DELETE FROM PEAK_BOTH_HH1 WHERE AL_ID=552
DELETE FROM PEAK_BOTH_HH1 WHERE AL_ID=553
DELETE FROM PEAK_BOTH_HH1 WHERE AL_ID=554
DELETE FROM PEAK_BOTH_HH1 WHERE AL_ID=555
DELETE FROM PEAK_BOTH_HH1 WHERE AL_ID=556
DELETE FROM PEAK_BOTH_HH1 WHERE AL_ID=557
DELETE FROM PEAK_BOTH_HH1 WHERE AL_ID=558
DELETE FROM PEAK_BOTH_HH1 WHERE AL_ID=559
INSERT INTO PEAK_BOTH_HH1 VALUES(560,0.0E0,0.5E0,100.0E0)
INSERT INTO PEAK_BOTH_HH1 VALUES(561,0.5E0,1.0E0,450.0E0)
INSERT INTO PEAK_BOTH_HH1 VALUES(562,1.0E0,1.5E0,700.0E0)
INSERT INTO PEAK_BOTH_HH1 VALUES(563,1.5E0,2.0E0,500.0E0)
INSERT INTO PEAK_BOTH_HH1 VALUES(564,2.0E0,2.5E0,350.0E0)
INSERT INTO PEAK_BOTH_HH1 VALUES(565,2.5E0,3.0E0,250.0E0)
INSERT INTO PEAK_BOTH_HH1 VALUES(566,3.0E0,3.5E0,200.0E0)
INSERT INTO PEAK_BOTH_HH1 VALUES(567,3.5E0,4.0E0,100.0E0)
INSERT INTO PEAK_BOTH_HH1 VALUES(568,4.0E0,4.5E0,50.0E0)
INSERT INTO PEAK_BOTH_HH1 VALUES(569,4.5E0,5.0E0,100.0E0)
INSERT INTO PEAK_BOTH_HH1 VALUES(570,5.0E0,5.5E0,150.0E0)
INSERT INTO PEAK_BOTH_HH1 VALUES(571,5.5E0,6.0E0,250.0E0)
INSERT INTO PEAK_BOTH_HH1 VALUES(572,6.0E0,6.5E0,450.0E0)
INSERT INTO PEAK_BOTH_HH1 VALUES(573,6.5E0,7.0E0,800.0E0)
INSERT INTO PEAK_BOTH_HH1 VALUES(574,7.0E0,7.5E0,450.0E0)
INSERT INTO PEAK_BOTH_HH1 VALUES(575,7.5E0,8.0E0,200.0E0)
COMMIT
DELETE FROM PEAK_BOTH_HH2 WHERE AL_ID=544
DELETE FROM PEAK_BOTH_HH2 WHERE AL_ID=545
DELETE FROM PEAK_BOTH_HH2 WHERE AL_ID=546
DELETE FROM PEAK_BOTH_HH2 WHERE AL_ID=547
DELETE FROM PEAK_BOTH_HH2 WHERE AL_ID=548
DELETE FROM PEAK_BOTH_HH2 WHERE AL_ID=549
DELETE FROM PEAK_BOTH_HH2 WHERE AL_ID=550
DELETE FROM PEAK_BOTH_HH2 WHERE AL_ID=551
DELETE FROM PEAK_BOTH_HH2 WHERE AL_ID=552
DELETE FROM PEAK_BOTH_HH2 WHERE AL_ID=553
DELETE FROM PEAK_BOTH_HH2 WHERE AL_ID=554
DELETE FROM PEAK_BOTH_HH2 WHERE AL_ID=555
DELETE FROM PEAK_BOTH_HH2 WHERE AL_ID=556
DELETE FROM PEAK_BOTH_HH2 WHERE AL_ID=557
DELETE FROM PEAK_BOTH_HH2 WHERE AL_ID=558
DELETE FROM PEAK_BOTH_HH2 WHERE AL_ID=559
INSERT INTO PEAK_BOTH_HH2 VALUES(560,0.0E0,0.5E0,50.0E0)
INSERT INTO PEAK_BOTH_HH2 VALUES(561,0.5E0,1.0E0,200.0E0)
INSERT INTO PEAK_BOTH_HH2 VALUES(562,1.0E0,1.5E0,400.0E0)
INSERT INTO PEAK_BOTH_HH2 VALUES(563,1.5E0,2.0E0,750.0E0)
INSERT INTO PEAK_BOTH_HH2 VALUES(564,2.0E0,2.5E0,400.0E0)
INSERT INTO PEAK_BOTH_HH2 VALUES(565,2.5E0,3.0E0,200.0E0)
INSERT INTO PEAK_BOTH_HH2 VALUES(566,3.0E0,3.5E0,150.0E0)
INSERT INTO PEAK_BOTH_HH2 VALUES(567,3.5E0,4.0E0,100.0E0)
INSERT INTO PEAK_BOTH_HH2 VALUES(568,4.0E0,4.5E0,100.0E0)
INSERT INTO PEAK_BOTH_HH2 VALUES(569,4.5E0,5.0E0,150.0E0)
INSERT INTO PEAK_BOTH_HH2 VALUES(570,5.0E0,5.5E0,200.0E0)
INSERT INTO PEAK_BOTH_HH2 VALUES(571,5.5E0,6.0E0,400.0E0)
INSERT INTO PEAK_BOTH_HH2 VALUES(572,6.0E0,6.5E0,750.0E0)
INSERT INTO PEAK_BOTH_HH2 VALUES(573,6.5E0,7.0E0,400.0E0)
INSERT INTO PEAK_BOTH_HH2 VALUES(574,7.0E0,7.5E0,200.0E0)
INSERT INTO PEAK_BOTH_HH2 VALUES(575,7.5E0,8.0E0,50.0E0)
COMMIT
DELETE FROM RAMPUP WHERE AL_ID=272
DELETE FROM RAMPUP WHERE AL_ID=273
DELETE FROM RAMPUP WHERE AL_ID=274
DELETE FROM RAMPUP WHERE AL_ID=275
DELETE FROM RAMPUP WHERE AL_ID=276
DELETE FROM RAMPUP WHERE AL_ID=277
DELETE FROM RAMPUP WHERE AL_ID=278
DELETE FROM RAMPUP WHERE AL_ID=279
INSERT INTO RAMPUP VALUES(280,0.0E0,1.0E0,50.0E0)
INSERT INTO RAMPUP VALUES(281,1.0E0,2.0E0,100.0E0)
INSERT INTO RAMPUP VALUES(282,2.0E0,3.0E0,150.0E0)
INSERT INTO RAMPUP VALUES(283,3.0E0,4.0E0,250.0E0)
INSERT INTO RAMPUP VALUES(284,4.0E0,5.0E0,350.0E0)
INSERT INTO RAMPUP VALUES(285,5.0E0,6.0E0,550.0E0)
INSERT INTO RAMPUP VALUES(286,6.0E0,7.0E0,750.0E0)
INSERT INTO RAMPUP VALUES(287,7.0E0,8.0E0,1000.0E0)
COMMIT
DELETE FROM RAMPDOWN WHERE AL_ID=272
DELETE FROM RAMPDOWN WHERE AL_ID=273
DELETE FROM RAMPDOWN WHERE AL_ID=274
DELETE FROM RAMPDOWN WHERE AL_ID=275
DELETE FROM RAMPDOWN WHERE AL_ID=276
DELETE FROM RAMPDOWN WHERE AL_ID=277
DELETE FROM RAMPDOWN WHERE AL_ID=278
DELETE FROM RAMPDOWN WHERE AL_ID=279
INSERT INTO RAMPDOWN VALUES(280,0.0E0,1.0E0,1000.0E0)
INSERT INTO RAMPDOWN VALUES(281,1.0E0,2.0E0,750.0E0)
INSERT INTO RAMPDOWN VALUES(282,2.0E0,3.0E0,550.0E0)
INSERT INTO RAMPDOWN VALUES(283,3.0E0,4.0E0,350.0E0)
INSERT INTO RAMPDOWN VALUES(284,4.0E0,5.0E0,250.0E0)
INSERT INTO RAMPDOWN VALUES(285,5.0E0,6.0E0,150.0E0)
INSERT INTO RAMPDOWN VALUES(286,6.0E0,7.0E0,100.0E0)
INSERT INTO RAMPDOWN VALUES(287,7.0E0,8.0E0,50.0E0)
COMMIT
DELETE FROM NONE_ALL_DAY WHERE AL_ID=272
DELETE FROM NONE_ALL_DAY WHERE AL_ID=273
DELETE FROM NONE_ALL_DAY WHERE AL_ID=274
DELETE FROM NONE_ALL_DAY WHERE AL_ID=275
DELETE FROM NONE_ALL_DAY WHERE AL_ID=276
DELETE FROM NONE_ALL_DAY WHERE AL_ID=277
DELETE FROM NONE_ALL_DAY WHERE AL_ID=278
DELETE FROM NONE_ALL_DAY WHERE AL_ID=279
INSERT INTO NONE_ALL_DAY VALUES(280,0.0E0,1.0E0,0.0E0)
INSERT INTO NONE_ALL_DAY VALUES(281,1.0E0,2.0E0,0.0E0)
INSERT INTO NONE_ALL_DAY VALUES(282,2.0E0,3.0E0,0.0E0)
INSERT INTO NONE_ALL_DAY VALUES(283,3.0E0,4.0E0,0.0E0)
INSERT INTO NONE_ALL_DAY VALUES(284,4.0E0,5.0E0,0.0E0)
INSERT INTO NONE_ALL_DAY VALUES(285,5.0E0,6.0E0,0.0E0)
INSERT INTO NONE_ALL_DAY VALUES(286,6.0E0,7.0E0,0.0E0)
INSERT INTO NONE_ALL_DAY VALUES(287,7.0E0,8.0E0,0.0E0)
COMMIT
DELETE FROM CONSTANT_HEAVY WHERE AL_ID=272
DELETE FROM CONSTANT_HEAVY WHERE AL_ID=273
DELETE FROM CONSTANT_HEAVY WHERE AL_ID=274
DELETE FROM CONSTANT_HEAVY WHERE AL_ID=275
DELETE FROM CONSTANT_HEAVY WHERE AL_ID=276
DELETE FROM CONSTANT_HEAVY WHERE AL_ID=277
DELETE FROM CONSTANT_HEAVY WHERE AL_ID=278
DELETE FROM CONSTANT_HEAVY WHERE AL_ID=279
INSERT INTO CONSTANT_HEAVY VALUES(280,0.0E0,1.0E0,750.0E0)
INSERT INTO CONSTANT_HEAVY VALUES(281,1.0E0,2.0E0,750.0E0)
INSERT INTO CONSTANT_HEAVY VALUES(282,2.0E0,3.0E0,750.0E0)
INSERT INTO CONSTANT_HEAVY VALUES(283,3.0E0,4.0E0,750.0E0)
INSERT INTO CONSTANT_HEAVY VALUES(284,4.0E0,5.0E0,750.0E0)
INSERT INTO CONSTANT_HEAVY VALUES(285,5.0E0,6.0E0,750.0E0)
INSERT INTO CONSTANT_HEAVY VALUES(286,6.0E0,7.0E0,750.0E0)
INSERT INTO CONSTANT_HEAVY VALUES(287,7.0E0,8.0E0,750.0E0)
COMMIT
DELETE FROM VARIED_MODERATE_HH2 WHERE AL_ID=544
DELETE FROM VARIED_MODERATE_HH2 WHERE AL_ID=545
DELETE FROM VARIED_MODERATE_HH2 WHERE AL_ID=546
DELETE FROM VARIED_MODERATE_HH2 WHERE AL_ID=547
DELETE FROM VARIED_MODERATE_HH2 WHERE AL_ID=548
DELETE FROM VARIED_MODERATE_HH2 WHERE AL_ID=549
DELETE FROM VARIED_MODERATE_HH2 WHERE AL_ID=550
DELETE FROM VARIED_MODERATE_HH2 WHERE AL_ID=551
DELETE FROM VARIED_MODERATE_HH2 WHERE AL_ID=552
DELETE FROM VARIED_MODERATE_HH2 WHERE AL_ID=553
DELETE FROM VARIED_MODERATE_HH2 WHERE AL_ID=554
DELETE FROM VARIED_MODERATE_HH2 WHERE AL_ID=555
DELETE FROM VARIED_MODERATE_HH2 WHERE AL_ID=556
DELETE FROM VARIED_MODERATE_HH2 WHERE AL_ID=557
DELETE FROM VARIED_MODERATE_HH2 WHERE AL_ID=558
DELETE FROM VARIED_MODERATE_HH2 WHERE AL_ID=559
INSERT INTO VARIED_MODERATE_HH2 VALUES(560,0.0E0,0.5E0,450.0E0)
INSERT INTO VARIED_MODERATE_HH2 VALUES(561,0.5E0,1.0E0,425.0E0)
INSERT INTO VARIED_MODERATE_HH2 VALUES(562,1.0E0,1.5E0,500.0E0)
INSERT INTO VARIED_MODERATE_HH2 VALUES(563,1.5E0,2.0E0,550.0E0)
INSERT INTO VARIED_MODERATE_HH2 VALUES(564,2.0E0,2.5E0,575.0E0)
INSERT INTO VARIED_MODERATE_HH2 VALUES(565,2.5E0,3.0E0,525.0E0)
INSERT INTO VARIED_MODERATE_HH2 VALUES(566,3.0E0,3.5E0,475.0E0)
INSERT INTO VARIED_MODERATE_HH2 VALUES(567,3.5E0,4.0E0,400.0E0)
INSERT INTO VARIED_MODERATE_HH2 VALUES(568,4.0E0,4.5E0,450.0E0)
INSERT INTO VARIED_MODERATE_HH2 VALUES(569,4.5E0,5.0E0,525.0E0)
INSERT INTO VARIED_MODERATE_HH2 VALUES(570,5.0E0,5.5E0,575.0E0)
INSERT INTO VARIED_MODERATE_HH2 VALUES(571,5.5E0,6.0E0,600.0E0)
INSERT INTO VARIED_MODERATE_HH2 VALUES(572,6.0E0,6.5E0,600.0E0)
INSERT INTO VARIED_MODERATE_HH2 VALUES(573,6.5E0,7.0E0,525.0E0)
INSERT INTO VARIED_MODERATE_HH2 VALUES(574,7.0E0,7.5E0,575.0E0)
INSERT INTO VARIED_MODERATE_HH2 VALUES(575,7.5E0,8.0E0,475.0E0)
COMMIT
DELETE FROM VARIED_MODERATE_HH1 WHERE AL_ID=561
DELETE FROM VARIED_MODERATE_HH1 WHERE AL_ID=562
DELETE FROM VARIED_MODERATE_HH1 WHERE AL_ID=563
DELETE FROM VARIED_MODERATE_HH1 WHERE AL_ID=564
DELETE FROM VARIED_MODERATE_HH1 WHERE AL_ID=565
DELETE FROM VARIED_MODERATE_HH1 WHERE AL_ID=566
DELETE FROM VARIED_MODERATE_HH1 WHERE AL_ID=567
DELETE FROM VARIED_MODERATE_HH1 WHERE AL_ID=568
DELETE FROM VARIED_MODERATE_HH1 WHERE AL_ID=569
DELETE FROM VARIED_MODERATE_HH1 WHERE AL_ID=570
DELETE FROM VARIED_MODERATE_HH1 WHERE AL_ID=571
DELETE FROM VARIED_MODERATE_HH1 WHERE AL_ID=572
DELETE FROM VARIED_MODERATE_HH1 WHERE AL_ID=573
DELETE FROM VARIED_MODERATE_HH1 WHERE AL_ID=574
DELETE FROM VARIED_MODERATE_HH1 WHERE AL_ID=575
DELETE FROM VARIED_MODERATE_HH1 WHERE AL_ID=576
DELETE FROM VARIED_MODERATE_HH1 WHERE AL_ID=577
INSERT INTO VARIED_MODERATE_HH1 VALUES(578,0.0E0,0.5E0,400.0E0)
INSERT INTO VARIED_MODERATE_HH1 VALUES(579,0.5E0,1.0E0,450.0E0)
INSERT INTO VARIED_MODERATE_HH1 VALUES(580,1.0E0,1.5E0,475.0E0)
INSERT INTO VARIED_MODERATE_HH1 VALUES(581,1.5E0,2.0E0,500.0E0)
INSERT INTO VARIED_MODERATE_HH1 VALUES(582,2.0E0,2.5E0,525.0E0)
INSERT INTO VARIED_MODERATE_HH1 VALUES(583,2.5E0,3.0E0,575.0E0)
INSERT INTO VARIED_MODERATE_HH1 VALUES(584,3.0E0,3.5E0,600.0E0)
INSERT INTO VARIED_MODERATE_HH1 VALUES(585,3.5E0,4.0E0,550.0E0)
INSERT INTO VARIED_MODERATE_HH1 VALUES(586,4.0E0,4.5E0,500.0E0)
INSERT INTO VARIED_MODERATE_HH1 VALUES(587,4.5E0,5.0E0,525.0E0)
INSERT INTO VARIED_MODERATE_HH1 VALUES(588,5.0E0,5.5E0,600.0E0)
INSERT INTO VARIED_MODERATE_HH1 VALUES(589,5.5E0,6.0E0,550.0E0)
INSERT INTO VARIED_MODERATE_HH1 VALUES(590,6.0E0,6.5E0,550.0E0)
INSERT INTO VARIED_MODERATE_HH1 VALUES(591,6.5E0,7.0E0,425.0E0)
INSERT INTO VARIED_MODERATE_HH1 VALUES(592,7.0E0,7.5E0,400.0E0)
INSERT INTO VARIED_MODERATE_HH1 VALUES(593,7.5E0,8.0E0,400.0E0)
INSERT INTO VARIED_MODERATE_HH1 VALUES(594,NULL,NULL,NULL)
COMMIT
DELETE FROM PEAK_AFTERNOON WHERE AL_ID=264
DELETE FROM PEAK_AFTERNOON WHERE AL_ID=265
DELETE FROM PEAK_AFTERNOON WHERE AL_ID=266
DELETE FROM PEAK_AFTERNOON WHERE AL_ID=267
DELETE FROM PEAK_AFTERNOON WHERE AL_ID=268
DELETE FROM PEAK_AFTERNOON WHERE AL_ID=269
DELETE FROM PEAK_AFTERNOON WHERE AL_ID=270
DELETE FROM PEAK_AFTERNOON WHERE AL_ID=271
INSERT INTO PEAK_AFTERNOON VALUES(272,0.0E0,1.0E0,50.0E0)
INSERT INTO PEAK_AFTERNOON VALUES(273,1.0E0,2.0E0,50.0E0)
INSERT INTO PEAK_AFTERNOON VALUES(274,2.0E0,3.0E0,50.0E0)
INSERT INTO PEAK_AFTERNOON VALUES(275,3.0E0,4.0E0,50.0E0)
INSERT INTO PEAK_AFTERNOON VALUES(276,4.0E0,5.0E0,50.0E0)
INSERT INTO PEAK_AFTERNOON VALUES(277,5.0E0,6.0E0,200.0E0)
INSERT INTO PEAK_AFTERNOON VALUES(278,6.0E0,7.0E0,750.0E0)
INSERT INTO PEAK_AFTERNOON VALUES(279,7.0E0,8.0E0,200.0E0)
COMMIT
DELETE FROM PEAK_BOTH WHERE AL_ID=264
DELETE FROM PEAK_BOTH WHERE AL_ID=265
DELETE FROM PEAK_BOTH WHERE AL_ID=266
DELETE FROM PEAK_BOTH WHERE AL_ID=267
DELETE FROM PEAK_BOTH WHERE AL_ID=268
DELETE FROM PEAK_BOTH WHERE AL_ID=269
DELETE FROM PEAK_BOTH WHERE AL_ID=270
DELETE FROM PEAK_BOTH WHERE AL_ID=271
INSERT INTO PEAK_BOTH VALUES(272,0,1,200)
INSERT INTO PEAK_BOTH VALUES(273,1,2,750)
INSERT INTO PEAK_BOTH VALUES(274,2,3,200)
INSERT INTO PEAK_BOTH VALUES(275,3,4,50)
INSERT INTO PEAK_BOTH VALUES(276,4,5,50)
INSERT INTO PEAK_BOTH VALUES(277,5,6,200)
INSERT INTO PEAK_BOTH VALUES(278,6,7,750)
INSERT INTO PEAK_BOTH VALUES(279,7,8,200)
COMMIT
DELETE FROM NONE_TIL_LIGHT_AFTERNOON_PEAK WHERE AL_ID=248
DELETE FROM NONE_TIL_LIGHT_AFTERNOON_PEAK WHERE AL_ID=249
DELETE FROM NONE_TIL_LIGHT_AFTERNOON_PEAK WHERE AL_ID=250
DELETE FROM NONE_TIL_LIGHT_AFTERNOON_PEAK WHERE AL_ID=251
DELETE FROM NONE_TIL_LIGHT_AFTERNOON_PEAK WHERE AL_ID=252
DELETE FROM NONE_TIL_LIGHT_AFTERNOON_PEAK WHERE AL_ID=253
DELETE FROM NONE_TIL_LIGHT_AFTERNOON_PEAK WHERE AL_ID=254
DELETE FROM NONE_TIL_LIGHT_AFTERNOON_PEAK WHERE AL_ID=255
INSERT INTO NONE_TIL_LIGHT_AFTERNOON_PEAK VALUES(256,0.0E0,1.0E0,0.0E0)
INSERT INTO NONE_TIL_LIGHT_AFTERNOON_PEAK VALUES(257,1.0E0,2.0E0,0.0E0)
INSERT INTO NONE_TIL_LIGHT_AFTERNOON_PEAK VALUES(258,2.0E0,3.0E0,0.0E0)
INSERT INTO NONE_TIL_LIGHT_AFTERNOON_PEAK VALUES(259,3.0E0,4.0E0,0.0E0)
INSERT INTO NONE_TIL_LIGHT_AFTERNOON_PEAK VALUES(260,4.0E0,5.0E0,0.0E0)
INSERT INTO NONE_TIL_LIGHT_AFTERNOON_PEAK VALUES(261,5.0E0,6.0E0,100.0E0)
INSERT INTO NONE_TIL_LIGHT_AFTERNOON_PEAK VALUES(262,6.0E0,7.0E0,300.0E0)
INSERT INTO NONE_TIL_LIGHT_AFTERNOON_PEAK VALUES(263,7.0E0,8.0E0,100.0E0)
COMMIT
