[2021-09-22 15:04:46] INFO    ? com.anylogic.alpyne.AlpyneServer main 
                              ? [PID=20452] Initializing @ 'C:\Users\Tyler Wolfe-Adam\Documents\Project Pypeline\Case 2\AL_Pyne\source\AlpynePythonClient\examples\Traffic Light\Exported\Traffic Light RL' with arguments: {path=., port=51150, dev_mode=false}
[2021-09-22 15:04:46] FINER   @ ModelManager.<init>
                              | ENTRY {0}	.
[2021-09-22 15:04:46] FINER   @ BonsaiBrainLearningPlatform.<init>
                              | ENTRY {0}	{}
[2021-09-22 15:04:46] INFO    @ Version.load
                              | Loading from experiment
[2021-09-22 15:04:47] INFO    @ Version.load
                              | Inputs      = [(DOUBLE)timeNS=null, (DOUBLE)timeEW=null, (BOOLEAN)doRLAction=null, (DOUBLE)secsBetweenActions=null, (STRING)scheduleNameNS=null, (STRING)scheduleNameEW=null, (DOUBLE){START_TIME}=0.0, (DATE_TIME){START_DATE}=Tue Jan 01 09:00:00 CST 2019, (DOUBLE){STOP_TIME}=480.0, (DATE_TIME){STOP_DATE}=Tue Jan 01 17:00:00 CST 2019, (LONG){RANDOM_SEED}=null]
                                Outputs     = [(DATA_SET)EWPhaseLenDS=null, (DATA_SET)NSPhaseLenDS=null, (DATA_SET)EWCountDS=null, (DATA_SET)NSCountDS=null, (DATA_SET)tisDS=null, (DATA_SET)tisDS_NS=null, (DATA_SET)tisDS_EW=null, (HISTOGRAM_DATA)speedsNS=null, (HISTOGRAM_DATA)speedsEW=null, (DATA_SET)previewNS=null, (DATA_SET)previewEW=null, (INTEGER)totalPassed=null, (DOUBLE)meanTIS=null, (DOUBLE)maxTIS=null]
                                Config      = [(DOUBLE)secs_per_phase=null, (DOUBLE)secs_between_actions=null, (STRING)schedule_ns=null, (STRING)schedule_ew=null, (DOUBLE){START_TIME}=0.0, (DATE_TIME){START_DATE}=Tue Jan 01 09:00:00 CST 2019, (DOUBLE){STOP_TIME}=480.0, (DATE_TIME){STOP_DATE}=Tue Jan 01 17:00:00 CST 2019, (LONG){RANDOM_SEED}=null]
                                Observation = [(DOUBLE_ARRAY)totalTIS_nesw_incoming=null, (DOUBLE_ARRAY)totalTIS_nesw_outgoing=null, (DOUBLE)totalTIS_intersection=null, (INTEGER)phaseIndex=null, (DOUBLE)time_mins=null]
                                Action      = [(INTEGER)do_next_phase=null]
[2021-09-22 15:04:47] WARNING ? org.glassfish.jersey.server.wadl.WadlFeature configure 
                              ? JAX-B API not found . WADL feature is disabled.
[2021-09-22 15:04:47] WARNING ? org.glassfish.jersey.internal.Errors logErrors 
                              ? The following warnings have been detected: WARNING: The (sub)resource method createNewRun in com.anylogic.alpyne.server.api.RunsResource contains empty path annotation.
WARNING: The (sub)resource method getAllRuns in com.anylogic.alpyne.server.api.RunsResource contains empty path annotation.

[2021-09-22 15:04:48] INFO    ? org.glassfish.grizzly.http.server.NetworkListener start 
                              ? Started listener bound to [localhost:51150]
[2021-09-22 15:04:48] INFO    ? org.glassfish.grizzly.http.server.HttpServer start 
                              ? [HttpServer] Started.
[2021-09-22 15:04:48] INFO    @ VersionsResource.getVersion
                              | Get version information
[2021-09-22 15:04:48] FINE    @ RunsResource.<init>
                              | Initializing Runs Resource endpoint
[2021-09-22 15:04:48] FINER   @ RunsResource.createNewRun
                              | ENTRY {0}	{"experimentType": "REINFORCEMENT_LEARNING", "inputs": [{"name": "secs_per_phase", "type": "DOUBLE", "value": 300, "units": null}, {"name": "secs_between_actions", "type": "DOUBLE", "value": 300, "units": null}, {"name": "schedule_ns", "type": "STRING", "value": "none_all_day", "units": null}, {"name": "schedule_ew", "type": "STRING", "value": "constant_heavy", "units": null}, {"name": "{START_TIME}", "type": "DOUBLE", "value": 0, "units": "MINUTE"}, {"name": "{START_DATE}", "type": "DATE_TIME", "value": "2019-01-01T15:00:00Z", "units": null}, {"name": "{STOP_TIME}", "type": "DOUBLE", "value": 20, "units": "MINUTE"}, {"name": "{STOP_DATE}", "type": "DATE_TIME", "value": "2019-01-01T23:00:00Z", "units": null}, {"name": "{RANDOM_SEED}", "type": "LONG", "value": 1, "units": null}]}
[2021-09-22 15:04:48] INFO    @ ModelRunPlatform.<init>
                              | Initializing ModelRun 1
[2021-09-22 15:04:48] FINER   @ ModelRunPlatform.lockUntilServerRequests
                              | ENTRY
[2021-09-22 15:04:48] FINER   @ ModelRunPlatform.run
                              | ENTRY {0}	1
[2021-09-22 15:04:48] FINER   @ BonsaiBrainLearningPlatform.<init>
                              | ENTRY {0}	{}
[2021-09-22 15:04:48] FINER   @ BonsaiBrainLearningPlatform.<init>
                              | ENTRY {0}	{"id": 1}
[2021-09-22 15:04:48] INFO    @ BonsaiBrainLearningPlatform.run
                              | [ 0,  0] platform requesting configuration
[2021-09-22 15:04:48] FINEST  @ BonsaiBrainLearningPlatform.serverSetupNewEpisode
                              | [S =  0, C =  0]
[2021-09-22 15:04:48] SEVERE  @ BonsaiBrainLearningPlatform.serverSetupNewEpisode
                              | Time 0 observation failed; using default observation
                                java.lang.NullPointerException
                                	at traffic_light_rl_schedules.RLExperiment.getObservation(RLExperiment.java:162)
                                	at traffic_light_rl_schedules.RLExperiment.getObservation(RLExperiment.java:1)
                                	at com.anylogic.rl.connector.bonsai.BonsaiBrainLearningPlatform.queryObservation(BonsaiBrainLearningPlatform.java:560)
                                	at com.anylogic.rl.connector.bonsai.BonsaiBrainLearningPlatform.serverSetupNewEpisode(BonsaiBrainLearningPlatform.java:130)
                                	at com.anylogic.rl.connector.bonsai.BonsaiBrainLearningPlatform.run(BonsaiBrainLearningPlatform.java:231)
                                	at com.anylogic.alpyne.sim.api.ModelRunPlatform.run(ModelRunPlatform.java:222)
                                
[2021-09-22 15:04:48] FINER   @ BonsaiBrainLearningPlatform.serverSetupNewEpisode
                              | server waiting
[2021-09-22 15:04:48] FINER   @ ModelRunPlatform.setConfiguration
                              | ENTRY {0}	[(DOUBLE)secs_per_phase=300, (DOUBLE)secs_between_actions=300, (STRING)schedule_ns=none_all_day, (STRING)schedule_ew=constant_heavy, (DOUBLE){START_TIME}=0, (DATE_TIME){START_DATE}=2019-01-01T15:00:00Z, (DOUBLE){STOP_TIME}=20, (DATE_TIME){STOP_DATE}=2019-01-01T23:00:00Z, (LONG){RANDOM_SEED}=1]
[2021-09-22 15:04:48] FINER   @ ModelRunPlatform.setConfiguration
                              | Platform ready to accept inputs
[2021-09-22 15:04:48] FINEST  @ BonsaiBrainLearningPlatform.clientStartNewEpisode
                              | [S =  1, C =  0]
[2021-09-22 15:04:48] FINER   @ BonsaiBrainLearningPlatform.clientStartNewEpisode
                              | client notifying
[2021-09-22 15:04:48] FINER   @ ModelRunPlatform.getRunState
                              | ENTRY
[2021-09-22 15:04:48] FINER   @ RunsResource.createNewRun
                              | RETURN {0}	OutboundJaxrsResponse{status=201, reason=Created, hasEntity=true, closed=false, buffered=false}
[2021-09-22 15:04:48] FINER   @ RunsResource.getRunProgress
                              | ENTRY {0}	1
[2021-09-22 15:04:48] FINER   @ ModelRunPlatform.getRunState
                              | ENTRY
[2021-09-22 15:04:48] FINER   @ RunsResource.getRunProgress
                              | ENTRY {0}	1
[2021-09-22 15:04:48] FINER   @ ModelRunPlatform.getRunState
                              | ENTRY
[2021-09-22 15:04:48] FINER   @ RunsResource.getRunProgress
                              | ENTRY {0}	1
[2021-09-22 15:04:48] FINER   @ ModelRunPlatform.getRunState
                              | ENTRY
[2021-09-22 15:04:48] FINER   @ RunsResource.getRunProgress
                              | ENTRY {0}	1
[2021-09-22 15:04:48] FINER   @ ModelRunPlatform.getRunState
                              | ENTRY
[2021-09-22 15:04:48] FINER   @ RunsResource.getRunProgress
                              | ENTRY {0}	1
[2021-09-22 15:04:48] FINER   @ ModelRunPlatform.getRunState
                              | ENTRY
[2021-09-22 15:04:49] FINER   @ RunsResource.getRunProgress
                              | ENTRY {0}	1
[2021-09-22 15:04:49] FINER   @ ModelRunPlatform.getRunState
                              | ENTRY
[2021-09-22 15:04:49] FINER   @ RunsResource.getRunProgress
                              | ENTRY {0}	1
[2021-09-22 15:04:49] FINER   @ ModelRunPlatform.getRunState
                              | ENTRY
[2021-09-22 15:04:49] FINER   @ RunsResource.getRunProgress
                              | ENTRY {0}	1
[2021-09-22 15:04:49] FINER   @ ModelRunPlatform.getRunState
                              | ENTRY
[2021-09-22 15:04:49] FINER   @ RunsResource.getRunProgress
                              | ENTRY {0}	1
[2021-09-22 15:04:49] FINER   @ ModelRunPlatform.getRunState
                              | ENTRY
[2021-09-22 15:04:49] FINER   @ RunsResource.getRunProgress
                              | ENTRY {0}	1
[2021-09-22 15:04:49] FINER   @ ModelRunPlatform.getRunState
                              | ENTRY
[2021-09-22 15:04:49] FINER   @ RunsResource.getRunProgress
                              | ENTRY {0}	1
[2021-09-22 15:04:49] FINER   @ ModelRunPlatform.getRunState
                              | ENTRY
[2021-09-22 15:04:49] FINER   @ RunsResource.getRunProgress
                              | ENTRY {0}	1
[2021-09-22 15:04:49] FINER   @ ModelRunPlatform.getRunState
                              | ENTRY
[2021-09-22 15:04:49] FINER   @ RunsResource.getRunProgress
                              | ENTRY {0}	1
[2021-09-22 15:04:49] FINER   @ ModelRunPlatform.getRunState
                              | ENTRY
[2021-09-22 15:04:49] FINER   @ RunsResource.getRunProgress
                              | ENTRY {0}	1
[2021-09-22 15:04:49] FINER   @ ModelRunPlatform.getRunState
                              | ENTRY
[2021-09-22 15:04:50] FINER   @ RunsResource.getRunProgress
                              | ENTRY {0}	1
[2021-09-22 15:04:50] FINER   @ ModelRunPlatform.getRunState
                              | ENTRY
[2021-09-22 15:04:50] FINER   @ RunsResource.getRunProgress
                              | ENTRY {0}	1
[2021-09-22 15:04:50] FINER   @ ModelRunPlatform.getRunState
                              | ENTRY
[2021-09-22 15:04:50] FINER   @ RunsResource.getRunProgress
                              | ENTRY {0}	1
[2021-09-22 15:04:50] FINER   @ ModelRunPlatform.getRunState
                              | ENTRY
[2021-09-22 15:04:50] FINER   @ RunsResource.getRunProgress
                              | ENTRY {0}	1
[2021-09-22 15:04:50] FINER   @ ModelRunPlatform.getRunState
                              | ENTRY
[2021-09-22 15:04:50] FINER   @ RunsResource.getRunProgress
                              | ENTRY {0}	1
[2021-09-22 15:04:50] FINER   @ ModelRunPlatform.getRunState
                              | ENTRY
[2021-09-22 15:04:50] INFO    @ BonsaiBrainLearningPlatform.run
                              | [ 1,  1] platform step, not terminal; requesting next action
[2021-09-22 15:04:50] FINEST  @ BonsaiBrainLearningPlatform.serverSetupNextStep
                              | [S =  1, C =  1]
[2021-09-22 15:04:50] FINER   @ RunsResource.getRunProgress
                              | ENTRY {0}	1
[2021-09-22 15:04:50] FINER   @ ModelRunPlatform.getRunState
                              | ENTRY
[2021-09-22 15:04:50] FINER   @ RunsResource.getRunProgress
                              | ENTRY {0}	1
[2021-09-22 15:04:50] FINER   @ ModelRunPlatform.getRunState
                              | ENTRY
[2021-09-22 15:04:50] FINER   @ RunsResource.executeRLCommand
                              | ENTRY {0} {1}	1, {"command": "OBSERVATION"}
[2021-09-22 15:04:50] INFO    @ RunsResource.executeRLCommand
                              | For run 1 issuing command OBSERVATION with argument null
[2021-09-22 15:04:50] INFO    @ BonsaiBrainLearningPlatform.run
                              | platform interrupted! resetting episode!
[2021-09-22 15:04:50] INFO    @ BonsaiBrainLearningPlatform.run
                              | [ 2,  2] platform requesting configuration
[2021-09-22 15:04:50] FINEST  @ BonsaiBrainLearningPlatform.serverSetupNewEpisode
                              | [S =  2, C =  2]
[2021-09-22 15:04:50] SEVERE  @ BonsaiBrainLearningPlatform.serverSetupNewEpisode
                              | Time 0 observation failed; using default observation
                                java.lang.NullPointerException
                                	at traffic_light_rl_schedules.RLExperiment.getObservation(RLExperiment.java:162)
                                	at traffic_light_rl_schedules.RLExperiment.getObservation(RLExperiment.java:1)
                                	at com.anylogic.rl.connector.bonsai.BonsaiBrainLearningPlatform.queryObservation(BonsaiBrainLearningPlatform.java:560)
                                	at com.anylogic.rl.connector.bonsai.BonsaiBrainLearningPlatform.serverSetupNewEpisode(BonsaiBrainLearningPlatform.java:130)
                                	at com.anylogic.rl.connector.bonsai.BonsaiBrainLearningPlatform.run(BonsaiBrainLearningPlatform.java:231)
                                	at com.anylogic.alpyne.sim.api.ModelRunPlatform.run(ModelRunPlatform.java:222)
                                
[2021-09-22 15:04:50] FINER   @ BonsaiBrainLearningPlatform.serverSetupNewEpisode
                              | server waiting
[2021-09-22 15:04:50] INFO    @ BonsaiBrainLearningPlatform.run
                              | [ 3,  2] === platform stopping ===
[2021-09-22 15:04:50] INFO    ? com.anylogic.alpyne.AlpyneServer main 
                              ? Terminating app...
[2021-09-22 15:04:50] INFO    ? org.glassfish.grizzly.http.server.NetworkListener shutdownNow 
                              ? Stopped listener bound to [localhost:51150]
[2021-09-22 15:04:50] WARNING ? com.anylogic.alpyne.AlpyneServer main 
                              ? Alpyne terminated.
[2021-09-22 15:04:46] INFO    @ AlpyneServer.main
                              | [PID=20452] Initializing @ 'C:\Users\Tyler Wolfe-Adam\Documents\Project Pypeline\Case 2\AL_Pyne\source\AlpynePythonClient\examples\Traffic Light\Exported\Traffic Light RL' with arguments: {path=., port=51150, dev_mode=false}
[2021-09-22 15:04:50] INFO    @ AlpyneServer.main
                              | Terminating app...
[2021-09-22 15:04:50] WARNING @ AlpyneServer.main
                              | Alpyne terminated.
